nov 24, 2016 11:56:35 AM main.java.LogToFile log
INFORMACIÓN: matlak
nov 24, 2016 11:56:35 AM main.java.LogToFile log
INFORMACIÓN: matlak
Nov 24, 2016 11:56:41 AM main.java.LogToFile log
INFO: 
Nov 24, 2016 11:56:41 AM main.java.LogToFile log
INFO: 
Nov 24, 2016 11:56:41 AM main.java.LogToFile log
INFO: 
Nov 24, 2016 11:56:41 AM main.java.LogToFile log
INFO: 
Nov 24, 2016 11:56:41 AM main.java.LogToFile log
INFO: 
Nov 24, 2016 11:56:41 AM main.java.LogToFile log
INFO: 
Nov 24, 2016 11:56:41 AM main.java.LogToFile log
INFO: 
Nov 24, 2016 11:56:41 AM main.java.LogToFile log
INFO: 
Nov 24, 2016 11:56:41 AM main.java.LogToFile log
INFO: 
Nov 24, 2016 11:56:41 AM main.java.LogToFile log
INFO: 
Nov 24, 2016 11:56:41 AM main.java.LogToFile log
INFO: 
Nov 24, 2016 11:56:41 AM main.java.LogToFile log
INFO: 
Nov 24, 2016 11:56:41 AM main.java.LogToFile log
INFO: 
Nov 24, 2016 11:56:41 AM main.java.LogToFile log
INFO: 
Nov 24, 2016 11:56:41 AM main.java.LogToFile log
INFO: 
Nov 24, 2016 11:56:41 AM main.java.LogToFile log
INFO: 
Nov 24, 2016 11:56:41 AM main.java.LogToFile log
INFO: 
Nov 24, 2016 11:56:41 AM main.java.LogToFile log
INFO: 
Nov 24, 2016 11:56:41 AM main.java.LogToFile log
INFO: 
Nov 24, 2016 11:56:41 AM main.java.LogToFile log
INFO: 
Nov 24, 2016 11:56:41 AM main.java.LogToFile log
INFO: 
Nov 24, 2016 11:56:41 AM main.java.LogToFile log
INFO: 
Nov 24, 2016 11:56:41 AM main.java.LogToFile log
INFO: 
Nov 24, 2016 11:56:41 AM main.java.LogToFile log
INFO: 
Nov 24, 2016 11:56:44 AM main.java.LogToFile log
INFO: 
Nov 24, 2016 11:56:44 AM main.java.LogToFile log
INFO: 
Nov 24, 2016 11:56:44 AM main.java.LogToFile log
INFO: matlak
Nov 24, 2016 11:56:44 AM main.java.LogToFile log
INFO: matlak
Nov 24, 2016 11:56:44 AM main.java.LogToFile log
INFO: matlak
Nov 24, 2016 11:56:44 AM main.java.LogToFile log
INFO: comboBoxChanged
Nov 24, 2016 11:56:44 AM main.java.LogToFile log
INFO: ****************
Starting new game: b vs. a
time 4 game: 0
time limit set: false
white on top?: false
****************
Nov 24, 2016 11:56:44 AM main.java.LogToFile log
INFO: matlak
Nov 24, 2016 11:56:44 AM main.java.LogToFile log
INFO: matlak
Nov 24, 2016 11:56:44 AM main.java.LogToFile log
INFO: matlak
Nov 24, 2016 11:56:44 AM main.java.LogToFile log
INFO: matlak
Nov 24, 2016 11:56:44 AM main.java.LogToFile log
INFO: matlak
Nov 24, 2016 11:56:44 AM main.java.LogToFile log
INFO: matlak
Nov 24, 2016 11:56:44 AM main.java.LogToFile log
INFO: matlak
Nov 24, 2016 11:56:44 AM main.java.LogToFile log
INFO: matlak
Nov 24, 2016 11:56:44 AM main.java.LogToFile log
INFO: matlak
Nov 24, 2016 11:56:44 AM main.java.LogToFile log
INFO: matlak
Nov 24, 2016 11:56:44 AM main.java.LogToFile log
INFO: matlak
Nov 24, 2016 11:56:44 AM main.java.LogToFile log
INFO: matlak
Nov 24, 2016 11:56:54 AM main.java.LogToFile log
INFO: 
Nov 24, 2016 11:56:54 AM main.java.LogToFile log
INFO: matlak
Nov 24, 2016 11:56:55 AM main.java.LogToFile log
INFO: /C:/Users/AndreaZ/workspace/jOpenChess/bin/\jchess\theme/default/images/Preview.png
Nov 24, 2016 11:56:55 AM main.java.LogToFile log
INFO: /C:/Users/AndreaZ/workspace/jOpenChess/bin/\jchess\theme/default/images/Preview.png
Nov 24, 2016 11:56:57 AM main.java.LogToFile log
INFO: 
Nov 24, 2016 11:56:59 AM main.java.LogToFile log
INFO: default
nov 24, 2016 11:57:05 AM main.java.LogToFile log
INFORMACIÓN: default
nov 24, 2016 11:57:05 AM main.java.LogToFile log
INFORMACIÓN: default
Nov 24, 2016 11:57:07 AM main.java.LogToFile log
INFO: 
Nov 24, 2016 11:57:07 AM main.java.LogToFile log
INFO: 
Nov 24, 2016 11:57:07 AM main.java.LogToFile log
INFO: 
Nov 24, 2016 11:57:07 AM main.java.LogToFile log
INFO: 
Nov 24, 2016 11:57:07 AM main.java.LogToFile log
INFO: 
Nov 24, 2016 11:57:07 AM main.java.LogToFile log
INFO: 
Nov 24, 2016 11:57:07 AM main.java.LogToFile log
INFO: 
Nov 24, 2016 11:57:07 AM main.java.LogToFile log
INFO: 
Nov 24, 2016 11:57:07 AM main.java.LogToFile log
INFO: 
Nov 24, 2016 11:57:07 AM main.java.LogToFile log
INFO: 
Nov 24, 2016 11:57:07 AM main.java.LogToFile log
INFO: 
Nov 24, 2016 11:57:07 AM main.java.LogToFile log
INFO: 
Nov 24, 2016 11:57:07 AM main.java.LogToFile log
INFO: 
Nov 24, 2016 11:57:07 AM main.java.LogToFile log
INFO: 
Nov 24, 2016 11:57:07 AM main.java.LogToFile log
INFO: 
Nov 24, 2016 11:57:07 AM main.java.LogToFile log
INFO: 
Nov 24, 2016 11:57:07 AM main.java.LogToFile log
INFO: 
Nov 24, 2016 11:57:07 AM main.java.LogToFile log
INFO: 
Nov 24, 2016 11:57:07 AM main.java.LogToFile log
INFO: 
Nov 24, 2016 11:57:07 AM main.java.LogToFile log
INFO: 
Nov 24, 2016 11:57:07 AM main.java.LogToFile log
INFO: 
Nov 24, 2016 11:57:07 AM main.java.LogToFile log
INFO: 
Nov 24, 2016 11:57:07 AM main.java.LogToFile log
INFO: 
Nov 24, 2016 11:57:07 AM main.java.LogToFile log
INFO: 
Nov 24, 2016 11:57:11 AM main.java.LogToFile log
INFO: 
Nov 24, 2016 11:57:11 AM main.java.LogToFile log
INFO: 
Nov 24, 2016 11:57:11 AM main.java.LogToFile log
INFO: default
Nov 24, 2016 11:57:11 AM main.java.LogToFile log
INFO: default
Nov 24, 2016 11:57:11 AM main.java.LogToFile log
INFO: default
Nov 24, 2016 11:57:11 AM main.java.LogToFile log
INFO: comboBoxChanged
Nov 24, 2016 11:57:11 AM main.java.LogToFile log
INFO: ****************
Starting new game: b vs. a
time 4 game: 0
time limit set: false
white on top?: false
****************
Nov 24, 2016 11:57:11 AM main.java.LogToFile log
INFO: default
Nov 24, 2016 11:57:11 AM main.java.LogToFile log
INFO: default
Nov 24, 2016 11:57:11 AM main.java.LogToFile log
INFO: default
Nov 24, 2016 11:57:11 AM main.java.LogToFile log
INFO: default
Nov 24, 2016 11:57:11 AM main.java.LogToFile log
INFO: default
Nov 24, 2016 11:57:11 AM main.java.LogToFile log
INFO: default
Nov 24, 2016 11:57:11 AM main.java.LogToFile log
INFO: default
Nov 24, 2016 11:57:11 AM main.java.LogToFile log
INFO: default
Nov 24, 2016 11:57:11 AM main.java.LogToFile log
INFO: default
Nov 24, 2016 11:57:11 AM main.java.LogToFile log
INFO: default
Nov 24, 2016 11:57:11 AM main.java.LogToFile log
INFO: default
Nov 24, 2016 11:57:11 AM main.java.LogToFile log
INFO: default
