Nov 16, 2016 4:55:55 PM main.java.LogToFile log
INFO: matlak
Nov 16, 2016 4:55:55 PM main.java.LogToFile log
INFO: matlak
Nov 16, 2016 4:55:59 PM main.java.LogToFile log
INFO: 
Nov 16, 2016 4:55:59 PM main.java.LogToFile log
INFO: 
Nov 16, 2016 4:55:59 PM main.java.LogToFile log
INFO: 
Nov 16, 2016 4:55:59 PM main.java.LogToFile log
INFO: 
Nov 16, 2016 4:55:59 PM main.java.LogToFile log
INFO: 
Nov 16, 2016 4:55:59 PM main.java.LogToFile log
INFO: 
Nov 16, 2016 4:55:59 PM main.java.LogToFile log
INFO: 
Nov 16, 2016 4:55:59 PM main.java.LogToFile log
INFO: 
Nov 16, 2016 4:55:59 PM main.java.LogToFile log
INFO: 
Nov 16, 2016 4:55:59 PM main.java.LogToFile log
INFO: 
Nov 16, 2016 4:55:59 PM main.java.LogToFile log
INFO: 
Nov 16, 2016 4:55:59 PM main.java.LogToFile log
INFO: 
Nov 16, 2016 4:55:59 PM main.java.LogToFile log
INFO: 
Nov 16, 2016 4:55:59 PM main.java.LogToFile log
INFO: 
Nov 16, 2016 4:55:59 PM main.java.LogToFile log
INFO: 
Nov 16, 2016 4:55:59 PM main.java.LogToFile log
INFO: 
Nov 16, 2016 4:55:59 PM main.java.LogToFile log
INFO: 
Nov 16, 2016 4:55:59 PM main.java.LogToFile log
INFO: 
Nov 16, 2016 4:55:59 PM main.java.LogToFile log
INFO: 
Nov 16, 2016 4:55:59 PM main.java.LogToFile log
INFO: 
Nov 16, 2016 4:55:59 PM main.java.LogToFile log
INFO: 
Nov 16, 2016 4:55:59 PM main.java.LogToFile log
INFO: 
Nov 16, 2016 4:55:59 PM main.java.LogToFile log
INFO: 
Nov 16, 2016 4:55:59 PM main.java.LogToFile log
INFO: 
Nov 16, 2016 4:56:02 PM main.java.LogToFile log
INFO: 
Nov 16, 2016 4:56:02 PM main.java.LogToFile log
INFO: 
Nov 16, 2016 4:56:02 PM main.java.LogToFile log
INFO: matlak
Nov 16, 2016 4:56:02 PM main.java.LogToFile log
INFO: matlak
Nov 16, 2016 4:56:02 PM main.java.LogToFile log
INFO: matlak
Nov 16, 2016 4:56:02 PM main.java.LogToFile log
INFO: comboBoxChanged
Nov 16, 2016 4:56:02 PM main.java.LogToFile log
INFO: ****************
Starting new game: g vs. g
time 4 game: 0
time limit set: false
white on top?: false
****************
Nov 16, 2016 4:56:02 PM main.java.LogToFile log
INFO: matlak
Nov 16, 2016 4:56:02 PM main.java.LogToFile log
INFO: matlak
Nov 16, 2016 4:56:02 PM main.java.LogToFile log
INFO: matlak
Nov 16, 2016 4:56:02 PM main.java.LogToFile log
INFO: matlak
Nov 16, 2016 4:56:02 PM main.java.LogToFile log
INFO: matlak
Nov 16, 2016 4:56:02 PM main.java.LogToFile log
INFO: matlak
Nov 16, 2016 4:56:02 PM main.java.LogToFile log
INFO: matlak
Nov 16, 2016 4:56:02 PM main.java.LogToFile log
INFO: matlak
Nov 16, 2016 4:56:02 PM main.java.LogToFile log
INFO: matlak
Nov 16, 2016 4:56:02 PM main.java.LogToFile log
INFO: matlak
Nov 16, 2016 4:56:02 PM main.java.LogToFile log
INFO: matlak
Nov 16, 2016 4:56:02 PM main.java.LogToFile log
INFO: matlak
Nov 16, 2016 4:56:03 PM main.java.LogToFile log
INFO: active_x: 7 active_y: 7
Nov 16, 2016 4:56:06 PM main.java.LogToFile log
INFO: 
Nov 16, 2016 4:56:06 PM main.java.LogToFile log
INFO: matlak
